<?xml version="1.0" encoding="UTF-8"?>
<testng-results ignored="0" total="1" passed="1" failed="0" skipped="0">
  <reporter-output>
  </reporter-output>
  <suite started-at="2022-04-03T19:00:52 IST" name="Default suite" finished-at="2022-04-03T19:01:26 IST" duration-ms="33480">
    <groups>
    </groups>
    <test started-at="2022-04-03T19:00:52 IST" name="Default test" finished-at="2022-04-03T19:01:26 IST" duration-ms="33480">
      <class name="automationdemo.TestCase.RegisterPageTest">
        <test-method is-config="true" signature="setup()[pri:0, instance:automationdemo.TestCase.RegisterPageTest@2fd6b6c7]" started-at="2022-04-03T19:00:52 IST" name="setup" finished-at="2022-04-03T19:01:12 IST" duration-ms="19762" status="PASS">
          <reporter-output>
          </reporter-output>
        </test-method> <!-- setup -->
        <test-method signature="registerpage()[pri:0, instance:automationdemo.TestCase.RegisterPageTest@2fd6b6c7]" started-at="2022-04-03T19:01:12 IST" name="registerpage" finished-at="2022-04-03T19:01:25 IST" duration-ms="13487" status="PASS">
          <reporter-output>
          </reporter-output>
        </test-method> <!-- registerpage -->
        <test-method is-config="true" signature="teardown()[pri:0, instance:automationdemo.TestCase.RegisterPageTest@2fd6b6c7]" started-at="2022-04-03T19:01:25 IST" name="teardown" finished-at="2022-04-03T19:01:26 IST" duration-ms="149" status="PASS">
          <reporter-output>
          </reporter-output>
        </test-method> <!-- teardown -->
      </class> <!-- automationdemo.TestCase.RegisterPageTest -->
    </test> <!-- Default test -->
  </suite> <!-- Default suite -->
</testng-results>
